{
    "level": "INFO",
    "message": "DATABASE_CONNECTION",
    "timestamp": "2024-09-14T20:57:06.365Z",
    "meta": {
        "CONNECTION_NAME": "taskforge"
    }
}
{
    "level": "INFO",
    "message": "RATE_LIMITER_INITIATED",
    "timestamp": "2024-09-14T20:57:06.380Z",
    "meta": {}
}
{
    "level": "INFO",
    "message": "APPLICATION_STARTED",
    "timestamp": "2024-09-14T20:57:06.381Z",
    "meta": {
        "PORT": "5000",
        "SERVER_URL": "http://localhost:5000"
    }
}
{
    "level": "INFO",
    "message": "DATABASE_CONNECTION",
    "timestamp": "2024-09-14T20:58:24.730Z",
    "meta": {
        "CONNECTION_NAME": "taskforge"
    }
}
{
    "level": "INFO",
    "message": "RATE_LIMITER_INITIATED",
    "timestamp": "2024-09-14T20:58:24.739Z",
    "meta": {}
}
{
    "level": "INFO",
    "message": "APPLICATION_STARTED",
    "timestamp": "2024-09-14T20:58:24.740Z",
    "meta": {
        "PORT": "5000",
        "SERVER_URL": "http://localhost:5000"
    }
}
{
    "level": "INFO",
    "message": "DATABASE_CONNECTION",
    "timestamp": "2024-09-14T20:58:35.878Z",
    "meta": {
        "CONNECTION_NAME": "taskforge"
    }
}
{
    "level": "INFO",
    "message": "RATE_LIMITER_INITIATED",
    "timestamp": "2024-09-14T20:58:35.888Z",
    "meta": {}
}
{
    "level": "INFO",
    "message": "APPLICATION_STARTED",
    "timestamp": "2024-09-14T20:58:35.888Z",
    "meta": {
        "PORT": "5000",
        "SERVER_URL": "http://localhost:5000"
    }
}
{
    "level": "INFO",
    "message": "DATABASE_CONNECTION",
    "timestamp": "2024-09-14T20:59:46.833Z",
    "meta": {
        "CONNECTION_NAME": "taskforge"
    }
}
{
    "level": "INFO",
    "message": "RATE_LIMITER_INITIATED",
    "timestamp": "2024-09-14T20:59:46.840Z",
    "meta": {}
}
{
    "level": "INFO",
    "message": "APPLICATION_STARTED",
    "timestamp": "2024-09-14T20:59:46.841Z",
    "meta": {
        "PORT": "5000",
        "SERVER_URL": "http://localhost:5000"
    }
}
{
    "level": "INFO",
    "message": "DATABASE_CONNECTION",
    "timestamp": "2024-09-14T20:59:52.989Z",
    "meta": {
        "CONNECTION_NAME": "taskforge"
    }
}
{
    "level": "INFO",
    "message": "RATE_LIMITER_INITIATED",
    "timestamp": "2024-09-14T20:59:52.999Z",
    "meta": {}
}
{
    "level": "INFO",
    "message": "APPLICATION_STARTED",
    "timestamp": "2024-09-14T20:59:53.000Z",
    "meta": {
        "PORT": "5000",
        "SERVER_URL": "http://localhost:5000"
    }
}
{
    "level": "INFO",
    "message": "CONTROLLER_RESPONSE",
    "timestamp": "2024-09-14T21:01:03.050Z",
    "meta": {
        "success": true,
        "statusCode": 200,
        "request": {
            "ip": "::1",
            "method": "GET",
            "url": "/api/v1/self"
        },
        "message": "The operation has been successful",
        "data": null
    }
}
